[2021-03-01T14:38:29.098] [DEBUG] cheese - login => username:918,password:918wwwww
[2021-03-01T14:38:29.101] [DEBUG] cheese - 918
[2021-03-01T14:38:29.169] [DEBUG] cheese - null
[2021-03-01T14:38:29.169] [DEBUG] cheese - null
[2021-03-01T14:40:42.842] [DEBUG] cheese - login => username:918,password:918sdssd
[2021-03-01T14:40:42.842] [DEBUG] cheese - 918
[2021-03-01T14:40:42.848] [DEBUG] cheese - null
[2021-03-01T14:40:42.848] [DEBUG] cheese - null
[2021-03-01T14:43:09.745] [DEBUG] cheese - login => username:918,password:918asss
[2021-03-01T14:43:09.745] [DEBUG] cheese - 918
[2021-03-01T14:43:09.750] [DEBUG] cheese - null
[2021-03-01T14:43:09.750] [DEBUG] cheese - null
[2021-03-01T14:43:10.477] [DEBUG] cheese - login => username:918,password:918asss
[2021-03-01T14:43:10.477] [DEBUG] cheese - 918
[2021-03-01T14:43:10.479] [DEBUG] cheese - null
[2021-03-01T14:43:10.479] [DEBUG] cheese - null
[2021-03-01T14:43:10.673] [DEBUG] cheese - login => username:918,password:918asss
[2021-03-01T14:43:10.673] [DEBUG] cheese - 918
[2021-03-01T14:43:10.676] [DEBUG] cheese - null
[2021-03-01T14:43:10.676] [DEBUG] cheese - null
[2021-03-01T14:43:24.359] [DEBUG] cheese - login => username:wewe,password:ewwewe
[2021-03-01T14:43:24.359] [DEBUG] cheese - wewe
[2021-03-01T14:43:24.362] [DEBUG] cheese - null
[2021-03-01T14:43:24.362] [DEBUG] cheese - null
[2021-03-01T14:43:43.983] [DEBUG] cheese - login => username:918,password:918ddd
[2021-03-01T14:43:43.983] [DEBUG] cheese - 918
[2021-03-01T14:43:43.985] [DEBUG] cheese - null
[2021-03-01T14:43:43.985] [DEBUG] cheese - null
[2021-03-01T14:45:47.596] [DEBUG] cheese - login => username:918,password:918sdsdsd
[2021-03-01T14:45:47.596] [DEBUG] cheese - 918
[2021-03-01T14:45:47.600] [DEBUG] cheese - null
[2021-03-01T14:45:47.600] [DEBUG] cheese - null
[2021-03-01T14:49:25.887] [DEBUG] cheese - login => username:admin,password:123456
[2021-03-01T14:49:25.887] [DEBUG] cheese - admin
[2021-03-01T14:49:25.895] [DEBUG] cheese - null
[2021-03-01T14:49:25.895] [DEBUG] cheese - null
[2021-03-01T14:49:36.673] [DEBUG] cheese - login => username:admin,password:123456
[2021-03-01T14:49:36.673] [DEBUG] cheese - admin
[2021-03-01T14:49:36.677] [DEBUG] cheese - null
[2021-03-01T14:49:36.677] [DEBUG] cheese - null
[2021-03-01T14:57:17.233] [DEBUG] cheese - login => username:918,password:918wee
[2021-03-01T14:57:17.233] [DEBUG] cheese - 918
[2021-03-01T14:57:17.237] [DEBUG] cheese - null
[2021-03-01T14:57:17.237] [DEBUG] cheese - null
[2021-03-01T14:57:29.446] [DEBUG] cheese - login => username:admin,password:123456
[2021-03-01T14:57:29.447] [DEBUG] cheese - admin
[2021-03-01T14:57:29.450] [DEBUG] cheese - null
[2021-03-01T14:57:29.450] [DEBUG] cheese - null
[2021-03-01T15:14:43.747] [DEBUG] cheese - login => username:admin,password:123456
[2021-03-01T15:14:43.747] [DEBUG] cheese - admin
[2021-03-01T15:14:43.751] [DEBUG] cheese - null
[2021-03-01T15:14:43.752] [DEBUG] cheese - null
[2021-03-01T15:15:24.047] [DEBUG] cheese - login => username:admin,password:123456
[2021-03-01T15:15:24.048] [DEBUG] cheese - admin
[2021-03-01T15:15:24.050] [DEBUG] cheese - null
[2021-03-01T15:15:24.050] [DEBUG] cheese - null
[2021-03-01T15:23:10.693] [DEBUG] cheese - login => username:admin,password:123456
[2021-03-01T15:23:10.693] [DEBUG] cheese - admin
[2021-03-01T15:23:10.698] [DEBUG] cheese - null
[2021-03-01T15:23:10.698] [DEBUG] cheese - null
[2021-03-01T15:39:55.502] [DEBUG] cheese - login => username:admin,password:123456
[2021-03-01T15:39:55.502] [DEBUG] cheese - admin
[2021-03-01T15:39:55.508] [DEBUG] cheese - null
[2021-03-01T15:39:55.508] [DEBUG] cheese - null
[2021-03-01T15:40:23.475] [DEBUG] cheese - login => username:admin,password:123456
[2021-03-01T15:40:23.475] [DEBUG] cheese - admin
[2021-03-01T15:40:23.477] [DEBUG] cheese - null
[2021-03-01T15:40:23.477] [DEBUG] cheese - null
[2021-03-01T15:42:59.912] [DEBUG] cheese - login => username:admin,password:123456
[2021-03-01T15:42:59.913] [DEBUG] cheese - admin
[2021-03-01T15:42:59.917] [DEBUG] cheese - null
[2021-03-01T15:42:59.917] [DEBUG] cheese - null
[2021-03-01T15:43:21.985] [DEBUG] cheese - login => username:admin,password:123456
[2021-03-01T15:43:21.985] [DEBUG] cheese - admin
[2021-03-01T15:43:21.987] [DEBUG] cheese - null
[2021-03-01T15:43:21.987] [DEBUG] cheese - null
[2021-03-01T16:20:07.080] [DEBUG] cheese - login => username:admin,password:123456
[2021-03-01T16:20:07.080] [DEBUG] cheese - admin
[2021-03-01T16:20:07.089] [DEBUG] cheese - null
[2021-03-01T16:20:07.089] [DEBUG] cheese - null
[2021-03-01T17:19:01.167] [DEBUG] cheese - login => username:admin,password:123456
[2021-03-01T17:19:01.168] [DEBUG] cheese - admin
[2021-03-01T17:19:01.173] [DEBUG] cheese - null
[2021-03-01T17:19:01.173] [DEBUG] cheese - null
[2021-03-01T17:20:42.802] [DEBUG] cheese - login => username:admin,password:123456
[2021-03-01T17:20:42.802] [DEBUG] cheese - admin
[2021-03-01T17:20:42.804] [DEBUG] cheese - null
[2021-03-01T17:20:42.804] [DEBUG] cheese - null
[2021-03-02T08:55:15.937] [DEBUG] cheese - login => username:admin,password:123456
[2021-03-02T08:55:15.939] [DEBUG] cheese - admin
[2021-03-02T08:55:16.017] [DEBUG] cheese - null
[2021-03-02T08:55:16.018] [DEBUG] cheese - null
[2021-03-02T09:03:55.419] [DEBUG] cheese - login => username:admin,password:123456
[2021-03-02T09:03:55.419] [DEBUG] cheese - admin
[2021-03-02T09:03:55.424] [DEBUG] cheese - null
[2021-03-02T09:03:55.424] [DEBUG] cheese - null
[2021-03-02T09:04:09.592] [DEBUG] cheese - login => username:admin,password:123456
[2021-03-02T09:04:09.592] [DEBUG] cheese - admin
[2021-03-02T09:04:09.596] [DEBUG] cheese - null
[2021-03-02T09:04:09.596] [DEBUG] cheese - null
[2021-03-02T09:04:28.220] [DEBUG] cheese - login => username:admin,password:123456
[2021-03-02T09:04:28.220] [DEBUG] cheese - admin
[2021-03-02T09:04:28.222] [DEBUG] cheese - null
[2021-03-02T09:04:28.222] [DEBUG] cheese - null
[2021-03-02T09:05:08.432] [DEBUG] cheese - login => username:admin,password:123456
[2021-03-02T09:05:08.433] [DEBUG] cheese - admin
[2021-03-02T09:05:08.435] [DEBUG] cheese - null
[2021-03-02T09:05:08.435] [DEBUG] cheese - null
[2021-03-02T09:08:40.447] [DEBUG] cheese - login => username:admin,password:123456
[2021-03-02T09:08:40.447] [DEBUG] cheese - admin
[2021-03-02T09:08:40.452] [DEBUG] cheese - null
[2021-03-02T09:08:40.452] [DEBUG] cheese - null
[2021-03-02T09:11:36.708] [DEBUG] cheese - login => username:admin,password:123456
[2021-03-02T09:11:36.708] [DEBUG] cheese - admin
[2021-03-02T09:11:36.713] [DEBUG] cheese - null
[2021-03-02T09:11:36.713] [DEBUG] cheese - null
[2021-03-02T09:50:11.165] [DEBUG] cheese - login => username:admin,password:123456
[2021-03-02T09:50:11.166] [DEBUG] cheese - admin
[2021-03-02T09:50:11.170] [DEBUG] cheese - null
[2021-03-02T09:50:11.170] [DEBUG] cheese - null
[2021-03-02T10:11:56.789] [DEBUG] cheese - login => username:admin,password:123456
[2021-03-02T10:11:56.789] [DEBUG] cheese - admin
[2021-03-02T10:11:56.793] [DEBUG] cheese - null
[2021-03-02T10:11:56.793] [DEBUG] cheese - null
[2021-03-02T10:14:03.353] [DEBUG] cheese - login => username:admin,password:123456
[2021-03-02T10:14:03.353] [DEBUG] cheese - admin
[2021-03-02T10:14:03.357] [DEBUG] cheese - null
[2021-03-02T10:14:03.357] [DEBUG] cheese - null
[2021-03-02T13:04:27.590] [DEBUG] cheese - login => username:admin,password:123456
[2021-03-02T13:04:27.590] [DEBUG] cheese - admin
[2021-03-02T13:04:27.594] [DEBUG] cheese - null
[2021-03-02T13:04:27.594] [DEBUG] cheese - null
[2021-03-02T15:16:24.355] [DEBUG] cheese - login => username:admin,password:123456
[2021-03-02T15:16:24.355] [DEBUG] cheese - admin
[2021-03-02T15:16:24.360] [DEBUG] cheese - null
[2021-03-02T15:16:24.360] [DEBUG] cheese - null
[2021-03-02T16:03:34.071] [DEBUG] cheese - login => username:admin,password:123456
[2021-03-02T16:03:34.071] [DEBUG] cheese - admin
[2021-03-02T16:03:34.077] [DEBUG] cheese - null
[2021-03-02T16:03:34.077] [DEBUG] cheese - null
[2021-03-03T08:09:25.011] [DEBUG] cheese - login => username:admin,password:123456
[2021-03-03T08:09:25.014] [DEBUG] cheese - admin
[2021-03-03T08:09:25.060] [DEBUG] cheese - null
[2021-03-03T08:09:25.061] [DEBUG] cheese - null
[2021-03-03T08:18:03.567] [DEBUG] cheese - login => username:admin,password:123456
[2021-03-03T08:18:03.567] [DEBUG] cheese - admin
[2021-03-03T08:18:03.570] [DEBUG] cheese - null
[2021-03-03T08:18:03.570] [DEBUG] cheese - null
[2021-03-03T08:26:54.761] [DEBUG] cheese - login => username:admin,password:12345678
[2021-03-03T08:26:54.762] [DEBUG] cheese - admin
[2021-03-03T08:26:54.764] [DEBUG] cheese - null
[2021-03-03T08:26:54.764] [DEBUG] cheese - null
[2021-03-03T08:26:57.383] [DEBUG] cheese - login => username:admin,password:123456
[2021-03-03T08:26:57.384] [DEBUG] cheese - admin
[2021-03-03T08:26:57.386] [DEBUG] cheese - null
[2021-03-03T08:26:57.387] [DEBUG] cheese - null
[2021-03-03T09:06:28.308] [DEBUG] cheese - login => username:admin,password:123456
[2021-03-03T09:06:28.308] [DEBUG] cheese - admin
[2021-03-03T09:06:28.313] [DEBUG] cheese - null
[2021-03-03T09:06:28.314] [DEBUG] cheese - null
[2021-03-03T09:38:25.223] [DEBUG] cheese - login => username:admin,password:123456
[2021-03-03T09:38:25.223] [DEBUG] cheese - admin
[2021-03-03T09:38:25.228] [DEBUG] cheese - null
[2021-03-03T09:38:25.228] [DEBUG] cheese - null
[2021-03-03T09:47:52.555] [DEBUG] cheese - login => username:admin,password:123456
[2021-03-03T09:47:52.556] [DEBUG] cheese - admin
[2021-03-03T09:47:52.557] [DEBUG] cheese - null
[2021-03-03T09:47:52.558] [DEBUG] cheese - null
[2021-03-03T09:52:50.345] [DEBUG] cheese - login => username:admin,password:123456
[2021-03-03T09:52:50.345] [DEBUG] cheese - admin
[2021-03-03T09:52:50.348] [DEBUG] cheese - null
[2021-03-03T09:52:50.348] [DEBUG] cheese - null
[2021-03-03T10:03:02.084] [DEBUG] cheese - login => username:admin,password:123456
[2021-03-03T10:03:02.084] [DEBUG] cheese - admin
[2021-03-03T10:03:02.088] [DEBUG] cheese - null
[2021-03-03T10:03:02.088] [DEBUG] cheese - null
[2021-03-03T10:12:11.664] [DEBUG] cheese - login => username:admin,password:123456
[2021-03-03T10:12:11.664] [DEBUG] cheese - admin
[2021-03-03T10:12:11.666] [DEBUG] cheese - null
[2021-03-03T10:12:11.666] [DEBUG] cheese - null
[2021-03-03T11:33:03.122] [DEBUG] cheese - login => username:admin,password:123456
[2021-03-03T11:33:03.123] [DEBUG] cheese - admin
[2021-03-03T11:33:03.125] [DEBUG] cheese - null
[2021-03-03T11:33:03.125] [DEBUG] cheese - null
[2021-03-03T20:34:10.712] [DEBUG] cheese - login => username:admin,password:123456
[2021-03-03T20:34:10.713] [DEBUG] cheese - admin
[2021-03-03T20:34:10.723] [DEBUG] cheese - null
[2021-03-03T20:34:10.723] [DEBUG] cheese - null
[2021-03-03T21:05:51.574] [DEBUG] cheese - login => username:admin,password:123456
[2021-03-03T21:05:51.574] [DEBUG] cheese - admin
[2021-03-03T21:05:51.578] [DEBUG] cheese - null
[2021-03-03T21:05:51.578] [DEBUG] cheese - null
[2021-03-03T21:32:14.078] [DEBUG] cheese - login => username:admin,password:123456
[2021-03-03T21:32:14.078] [DEBUG] cheese - admin
[2021-03-03T21:32:14.080] [DEBUG] cheese - null
[2021-03-03T21:32:14.080] [DEBUG] cheese - null
[2021-03-03T22:32:15.806] [DEBUG] cheese - login => username:admin,password:123456
[2021-03-03T22:32:15.806] [DEBUG] cheese - admin
[2021-03-03T22:32:15.814] [DEBUG] cheese - null
[2021-03-03T22:32:15.814] [DEBUG] cheese - null
[2021-03-04T08:56:04.089] [DEBUG] cheese - login => username:admin,password:123456
[2021-03-04T08:56:04.091] [DEBUG] cheese - admin
[2021-03-04T08:56:04.152] [DEBUG] cheese - null
[2021-03-04T08:56:04.152] [DEBUG] cheese - null
[2021-03-04T09:50:13.965] [DEBUG] cheese - login => username:admin,password:123456
[2021-03-04T09:50:13.965] [DEBUG] cheese - admin
[2021-03-04T09:50:13.969] [DEBUG] cheese - null
[2021-03-04T09:50:13.969] [DEBUG] cheese - null
[2021-03-04T10:03:28.320] [DEBUG] cheese - login => username:admin,password:123456
[2021-03-04T10:03:28.320] [DEBUG] cheese - admin
[2021-03-04T10:03:28.325] [DEBUG] cheese - null
[2021-03-04T10:03:28.325] [DEBUG] cheese - null
[2021-03-04T10:07:05.615] [DEBUG] cheese - login => username:admin,password:123456
[2021-03-04T10:07:05.615] [DEBUG] cheese - admin
[2021-03-04T10:07:05.619] [DEBUG] cheese - null
[2021-03-04T10:07:05.619] [DEBUG] cheese - null
[2021-03-04T10:39:50.490] [DEBUG] cheese - login => username:admin,password:123456
[2021-03-04T10:39:50.490] [DEBUG] cheese - admin
[2021-03-04T10:39:50.492] [DEBUG] cheese - null
[2021-03-04T10:39:50.492] [DEBUG] cheese - null
[2021-03-04T11:00:46.626] [DEBUG] cheese - login => username:admin,password:123456
[2021-03-04T11:00:46.626] [DEBUG] cheese - admin
[2021-03-04T11:00:46.629] [DEBUG] cheese - null
[2021-03-04T11:00:46.629] [DEBUG] cheese - null
[2021-03-04T13:20:30.757] [DEBUG] cheese - login => username:admin,password:123456
[2021-03-04T13:20:30.757] [DEBUG] cheese - admin
[2021-03-04T13:20:30.761] [DEBUG] cheese - null
[2021-03-04T13:20:30.761] [DEBUG] cheese - null
[2021-03-04T13:32:05.575] [DEBUG] cheese - login => username:admin,password:123456
[2021-03-04T13:32:05.575] [DEBUG] cheese - admin
[2021-03-04T13:32:05.579] [DEBUG] cheese - null
[2021-03-04T13:32:05.579] [DEBUG] cheese - null
[2021-03-04T14:28:18.916] [DEBUG] cheese - login => username:admin,password:123456
[2021-03-04T14:28:18.916] [DEBUG] cheese - admin
[2021-03-04T14:28:18.920] [DEBUG] cheese - null
[2021-03-04T14:28:18.920] [DEBUG] cheese - null
[2021-03-04T14:29:09.024] [DEBUG] cheese - login => username:admin,password:123456
[2021-03-04T14:29:09.024] [DEBUG] cheese - admin
[2021-03-04T14:29:09.026] [DEBUG] cheese - null
[2021-03-04T14:29:09.026] [DEBUG] cheese - null
[2021-03-04T15:08:59.739] [DEBUG] cheese - login => username:admin,password:123456
[2021-03-04T15:08:59.739] [DEBUG] cheese - admin
[2021-03-04T15:08:59.742] [DEBUG] cheese - null
[2021-03-04T15:08:59.743] [DEBUG] cheese - null
[2021-03-04T15:10:14.863] [DEBUG] cheese - login => username:admin,password:123456
[2021-03-04T15:10:14.863] [DEBUG] cheese - admin
[2021-03-04T15:10:14.865] [DEBUG] cheese - null
[2021-03-04T15:10:14.865] [DEBUG] cheese - null
[2021-03-04T15:51:41.076] [DEBUG] cheese - login => username:admin,password:123456
[2021-03-04T15:51:41.076] [DEBUG] cheese - admin
[2021-03-04T15:51:41.080] [DEBUG] cheese - null
[2021-03-04T15:51:41.081] [DEBUG] cheese - null
[2021-03-05T08:58:27.608] [DEBUG] cheese - login => username:admin,password:123456
[2021-03-05T08:58:27.610] [DEBUG] cheese - admin
[2021-03-05T08:58:27.656] [DEBUG] cheese - null
[2021-03-05T08:58:27.657] [DEBUG] cheese - null
[2021-03-05T09:18:40.141] [DEBUG] cheese - login => username:admin,password:123456
[2021-03-05T09:18:40.141] [DEBUG] cheese - admin
[2021-03-05T09:18:40.143] [DEBUG] cheese - null
[2021-03-05T09:18:40.144] [DEBUG] cheese - null
[2021-03-05T09:52:34.112] [DEBUG] cheese - login => username:admin,password:123456
[2021-03-05T09:52:34.112] [DEBUG] cheese - admin
[2021-03-05T09:52:34.117] [DEBUG] cheese - null
[2021-03-05T09:52:34.117] [DEBUG] cheese - null
[2021-03-05T09:57:01.861] [DEBUG] cheese - login => username:admin,password:123456
[2021-03-05T09:57:01.861] [DEBUG] cheese - admin
[2021-03-05T09:57:01.864] [DEBUG] cheese - null
[2021-03-05T09:57:01.864] [DEBUG] cheese - null
[2021-03-05T10:13:01.374] [DEBUG] cheese - null
[2021-03-05T10:13:04.340] [DEBUG] cheese - null
[2021-03-05T10:15:06.677] [DEBUG] cheese - null
[2021-03-05T10:19:23.846] [DEBUG] cheese - null
[2021-03-05T10:24:21.236] [DEBUG] cheese - null
[2021-03-05T10:24:23.182] [DEBUG] cheese - null
[2021-03-05T10:24:25.269] [DEBUG] cheese - null
[2021-03-05T10:33:25.015] [DEBUG] cheese - login => username:admin,password:123456
[2021-03-05T10:33:25.015] [DEBUG] cheese - admin
[2021-03-05T10:33:25.020] [DEBUG] cheese - null
[2021-03-05T10:33:25.020] [DEBUG] cheese - null
[2021-03-05T11:26:10.667] [DEBUG] cheese - login => username:admin,password:123456
[2021-03-05T11:26:10.667] [DEBUG] cheese - admin
[2021-03-05T11:26:10.671] [DEBUG] cheese - null
[2021-03-05T11:26:10.671] [DEBUG] cheese - null
[2021-03-05T13:11:02.502] [DEBUG] cheese - login => username:admin,password:123456
[2021-03-05T13:11:02.502] [DEBUG] cheese - admin
[2021-03-05T13:11:02.508] [DEBUG] cheese - null
[2021-03-05T13:11:02.508] [DEBUG] cheese - null
[2021-03-05T13:21:35.590] [DEBUG] cheese - login => username:admin,password:123456
[2021-03-05T13:21:35.590] [DEBUG] cheese - admin
[2021-03-05T13:21:35.593] [DEBUG] cheese - null
[2021-03-05T13:21:35.594] [DEBUG] cheese - null
[2021-03-05T13:58:45.817] [DEBUG] cheese - login => username:admin,password:123456
[2021-03-05T13:58:45.817] [DEBUG] cheese - admin
[2021-03-05T13:58:45.819] [DEBUG] cheese - null
[2021-03-05T13:58:45.819] [DEBUG] cheese - null
[2021-03-05T15:10:45.952] [DEBUG] cheese - login => username:admin,password:123456
[2021-03-05T15:10:45.952] [DEBUG] cheese - admin
[2021-03-05T15:10:45.957] [DEBUG] cheese - null
[2021-03-05T15:10:45.957] [DEBUG] cheese - null
[2021-03-05T15:24:16.051] [DEBUG] cheese - login => username:admin,password:123456
[2021-03-05T15:24:16.053] [DEBUG] cheese - admin
[2021-03-05T15:24:16.066] [DEBUG] cheese - null
[2021-03-05T15:24:16.067] [DEBUG] cheese - null
[2021-03-05T17:29:16.652] [DEBUG] cheese - login => username:admin,password:123456
[2021-03-05T17:29:16.654] [DEBUG] cheese - admin
[2021-03-05T17:29:16.658] [DEBUG] cheese - null
[2021-03-05T17:29:16.658] [DEBUG] cheese - null
[2021-03-05T18:19:06.677] [DEBUG] cheese - login => username:admin,password:123456
[2021-03-05T18:19:06.678] [DEBUG] cheese - admin
[2021-03-05T18:19:06.680] [DEBUG] cheese - null
[2021-03-05T18:19:06.680] [DEBUG] cheese - null
[2021-03-06T12:49:19.652] [DEBUG] cheese - login => username:admin,password:123456
[2021-03-06T12:49:19.653] [DEBUG] cheese - admin
[2021-03-06T12:49:19.729] [DEBUG] cheese - null
[2021-03-06T12:49:19.730] [DEBUG] cheese - null
[2021-03-06T13:33:28.222] [DEBUG] cheese - login => username:admin,password:123456
[2021-03-06T13:33:28.222] [DEBUG] cheese - admin
[2021-03-06T13:33:28.229] [DEBUG] cheese - null
[2021-03-06T13:33:28.229] [DEBUG] cheese - null
[2021-03-06T14:16:01.009] [DEBUG] cheese - login => username:admin,password:123456
[2021-03-06T14:16:01.011] [DEBUG] cheese - admin
[2021-03-06T14:16:01.019] [DEBUG] cheese - null
[2021-03-06T14:16:01.019] [DEBUG] cheese - null
[2021-03-06T15:30:21.941] [DEBUG] cheese - login => username:admin,password:123456
[2021-03-06T15:30:21.943] [DEBUG] cheese - admin
[2021-03-06T15:30:21.956] [DEBUG] cheese - null
[2021-03-06T15:30:21.957] [DEBUG] cheese - null
[2021-03-06T15:56:17.840] [DEBUG] cheese - login => username:admin,password:123456
[2021-03-06T15:56:17.842] [DEBUG] cheese - admin
[2021-03-06T15:56:17.847] [DEBUG] cheese - null
[2021-03-06T15:56:17.848] [DEBUG] cheese - null
[2021-03-06T16:25:47.341] [DEBUG] cheese - login => username:admin,password:123456
[2021-03-06T16:25:47.343] [DEBUG] cheese - admin
[2021-03-06T16:25:47.354] [DEBUG] cheese - null
[2021-03-06T16:25:47.355] [DEBUG] cheese - null
[2021-03-07T12:41:45.847] [DEBUG] cheese - login => username:admin,password:123456
[2021-03-07T12:41:45.849] [DEBUG] cheese - admin
[2021-03-07T12:41:45.861] [DEBUG] cheese - null
[2021-03-07T12:41:45.861] [DEBUG] cheese - null
[2021-03-07T12:45:17.632] [DEBUG] cheese - login => username:admin,password:123456
[2021-03-07T12:45:17.634] [DEBUG] cheese - admin
[2021-03-07T12:45:17.641] [DEBUG] cheese - null
[2021-03-07T12:45:17.642] [DEBUG] cheese - null
[2021-03-07T12:51:41.336] [DEBUG] cheese - login => username:admin,password:123456
[2021-03-07T12:51:41.338] [DEBUG] cheese - admin
[2021-03-07T12:51:41.343] [DEBUG] cheese - null
[2021-03-07T12:51:41.344] [DEBUG] cheese - null
[2021-03-07T14:01:32.604] [DEBUG] cheese - login => username:admin,password:123456
[2021-03-07T14:01:32.606] [DEBUG] cheese - admin
[2021-03-07T14:01:32.614] [DEBUG] cheese - null
[2021-03-07T14:01:32.615] [DEBUG] cheese - null
[2021-03-07T14:15:23.615] [DEBUG] cheese - login => username:admin,password:123456
[2021-03-07T14:15:23.617] [DEBUG] cheese - admin
[2021-03-07T14:15:23.621] [DEBUG] cheese - null
[2021-03-07T14:15:23.622] [DEBUG] cheese - null
[2021-03-07T14:58:19.500] [DEBUG] cheese - login => username:admin,password:123456
[2021-03-07T14:58:19.502] [DEBUG] cheese - admin
[2021-03-07T14:58:19.507] [DEBUG] cheese - null
[2021-03-07T14:58:19.508] [DEBUG] cheese - null
[2021-03-07T15:13:08.746] [DEBUG] cheese - login => username:admin,password:123456
[2021-03-07T15:13:08.749] [DEBUG] cheese - admin
[2021-03-07T15:13:08.758] [DEBUG] cheese - null
[2021-03-07T15:13:08.758] [DEBUG] cheese - null
[2021-03-07T18:52:44.833] [DEBUG] cheese - login => username:admin,password:123456
[2021-03-07T18:52:44.834] [DEBUG] cheese - admin
[2021-03-07T18:52:44.844] [DEBUG] cheese - null
[2021-03-07T18:52:44.844] [DEBUG] cheese - null
[2021-03-07T19:16:35.151] [DEBUG] cheese - login => username:admin,password:123456
[2021-03-07T19:16:35.153] [DEBUG] cheese - admin
[2021-03-07T19:16:35.159] [DEBUG] cheese - null
[2021-03-07T19:16:35.159] [DEBUG] cheese - null
[2021-03-07T19:32:36.855] [DEBUG] cheese - login => username:admin,password:123456
[2021-03-07T19:32:36.856] [DEBUG] cheese - admin
[2021-03-07T19:32:36.863] [DEBUG] cheese - null
[2021-03-07T19:32:36.864] [DEBUG] cheese - null
[2021-03-08T08:32:02.927] [DEBUG] cheese - login => username:admin,password:123456
[2021-03-08T08:32:02.928] [DEBUG] cheese - admin
[2021-03-08T08:32:02.977] [DEBUG] cheese - null
[2021-03-08T08:32:02.977] [DEBUG] cheese - null
[2021-03-08T08:54:13.914] [DEBUG] cheese - login => username:admin,password:123456
[2021-03-08T08:54:13.916] [DEBUG] cheese - admin
[2021-03-08T08:54:13.921] [DEBUG] cheese - null
[2021-03-08T08:54:13.922] [DEBUG] cheese - null
[2021-03-08T09:48:51.660] [DEBUG] cheese - login => username:admin,password:123456
[2021-03-08T09:48:51.661] [DEBUG] cheese - admin
[2021-03-08T09:48:51.670] [DEBUG] cheese - null
[2021-03-08T09:48:51.671] [DEBUG] cheese - null
[2021-03-08T10:31:22.578] [DEBUG] cheese - login => username:admin,password:123456
[2021-03-08T10:31:22.580] [DEBUG] cheese - admin
[2021-03-08T10:31:22.591] [DEBUG] cheese - null
[2021-03-08T10:31:22.592] [DEBUG] cheese - null
[2021-03-08T15:14:57.860] [DEBUG] cheese - login => username:admin,password:123456
[2021-03-08T15:14:57.861] [DEBUG] cheese - admin
[2021-03-08T15:14:57.869] [DEBUG] cheese - null
[2021-03-08T15:14:57.869] [DEBUG] cheese - null
[2021-03-08T18:09:52.363] [DEBUG] cheese - login => username:admin,password:123456
[2021-03-08T18:09:52.364] [DEBUG] cheese - admin
[2021-03-08T18:09:52.374] [DEBUG] cheese - null
[2021-03-08T18:09:52.374] [DEBUG] cheese - null
[2021-03-08T19:04:36.723] [DEBUG] cheese - login => username:admin,password:123456
[2021-03-08T19:04:36.725] [DEBUG] cheese - admin
[2021-03-08T19:04:36.731] [DEBUG] cheese - null
[2021-03-08T19:04:36.732] [DEBUG] cheese - null
[2021-03-09T08:45:19.890] [DEBUG] cheese - login => username:admin,password:123456
[2021-03-09T08:45:19.892] [DEBUG] cheese - admin
[2021-03-09T08:45:19.940] [DEBUG] cheese - null
[2021-03-09T08:45:19.940] [DEBUG] cheese - null
[2021-03-09T09:38:49.235] [DEBUG] cheese - login => username:admin,password:123456
[2021-03-09T09:38:49.236] [DEBUG] cheese - admin
[2021-03-09T09:38:49.242] [DEBUG] cheese - null
[2021-03-09T09:38:49.242] [DEBUG] cheese - null
[2021-03-09T10:22:58.389] [DEBUG] cheese - login => username:admin,password:123456
[2021-03-09T10:22:58.389] [DEBUG] cheese - admin
[2021-03-09T10:22:58.394] [DEBUG] cheese - null
[2021-03-09T10:22:58.394] [DEBUG] cheese - null
[2021-03-09T13:16:13.596] [DEBUG] cheese - login => username:admin,password:123456
[2021-03-09T13:16:13.596] [DEBUG] cheese - admin
[2021-03-09T13:16:13.600] [DEBUG] cheese - null
[2021-03-09T13:16:13.600] [DEBUG] cheese - null
[2021-03-09T15:20:08.624] [DEBUG] cheese - login => username:admin,password:123456
[2021-03-09T15:20:08.625] [DEBUG] cheese - admin
[2021-03-09T15:20:08.632] [DEBUG] cheese - null
[2021-03-09T15:20:08.633] [DEBUG] cheese - null
[2021-03-09T15:29:20.566] [DEBUG] cheese - login => username:admin,password:123456
[2021-03-09T15:29:20.568] [DEBUG] cheese - admin
[2021-03-09T15:29:20.578] [DEBUG] cheese - null
[2021-03-09T15:29:20.579] [DEBUG] cheese - null
[2021-03-10T09:47:40.429] [DEBUG] cheese - login => username:admin,password:123456
[2021-03-10T09:47:40.431] [DEBUG] cheese - admin
[2021-03-10T09:47:40.481] [DEBUG] cheese - null
[2021-03-10T09:47:40.482] [DEBUG] cheese - null
[2021-03-10T09:50:01.802] [DEBUG] cheese - login => username:admin,password:123456
[2021-03-10T09:50:01.804] [DEBUG] cheese - admin
[2021-03-10T09:50:01.808] [DEBUG] cheese - null
[2021-03-10T09:50:01.809] [DEBUG] cheese - null
[2021-03-10T10:25:02.577] [DEBUG] cheese - login => username:admin,password:123456
[2021-03-10T10:25:02.579] [DEBUG] cheese - admin
[2021-03-10T10:25:02.589] [DEBUG] cheese - null
[2021-03-10T10:25:02.590] [DEBUG] cheese - null
[2021-03-10T11:26:33.131] [DEBUG] cheese - login => username:admin,password:123456
[2021-03-10T11:26:33.133] [DEBUG] cheese - admin
[2021-03-10T11:26:33.138] [DEBUG] cheese - null
[2021-03-10T11:26:33.139] [DEBUG] cheese - null
[2021-03-10T15:08:16.348] [DEBUG] cheese - null
[2021-03-10T16:48:54.762] [DEBUG] cheese - login => username:admin,password:123456
[2021-03-10T16:48:54.763] [DEBUG] cheese - admin
[2021-03-10T16:48:54.769] [DEBUG] cheese - null
[2021-03-10T16:48:54.770] [DEBUG] cheese - null
[2021-03-10T16:49:48.648] [DEBUG] cheese - login => username:admin,password:123456
[2021-03-10T16:49:48.649] [DEBUG] cheese - admin
[2021-03-10T16:49:48.650] [DEBUG] cheese - null
[2021-03-10T16:49:48.650] [DEBUG] cheese - null
[2021-03-10T16:50:16.630] [DEBUG] cheese - login => username:admin,password:123456
[2021-03-10T16:50:16.630] [DEBUG] cheese - admin
[2021-03-10T16:50:16.632] [DEBUG] cheese - null
[2021-03-10T16:50:16.632] [DEBUG] cheese - null
[2021-03-10T17:05:48.865] [DEBUG] cheese - null
[2021-03-10T17:07:42.852] [DEBUG] cheese - null
[2021-03-10T17:09:10.787] [DEBUG] cheese - login => username:admin,password:123456
[2021-03-10T17:09:10.788] [DEBUG] cheese - admin
[2021-03-10T17:09:10.799] [DEBUG] cheese - null
[2021-03-10T17:09:10.800] [DEBUG] cheese - null
[2021-03-11T10:14:02.282] [DEBUG] cheese - login => username:admin,password:123456
[2021-03-11T10:14:02.284] [DEBUG] cheese - admin
[2021-03-11T10:14:02.328] [DEBUG] cheese - null
[2021-03-11T10:14:02.328] [DEBUG] cheese - null
[2021-03-11T11:20:31.742] [DEBUG] cheese - login => username:admin,password:123456
[2021-03-11T11:20:31.744] [DEBUG] cheese - admin
[2021-03-11T11:20:31.749] [DEBUG] cheese - null
[2021-03-11T11:20:31.750] [DEBUG] cheese - null
[2021-03-11T11:38:06.606] [DEBUG] cheese - login => username:admin,password:123456
[2021-03-11T11:38:06.607] [DEBUG] cheese - admin
[2021-03-11T11:38:06.610] [DEBUG] cheese - null
[2021-03-11T11:38:06.610] [DEBUG] cheese - null
[2021-03-11T15:05:36.754] [DEBUG] cheese - login => username:admin,password:123456
[2021-03-11T15:05:36.754] [DEBUG] cheese - admin
[2021-03-11T15:05:36.757] [DEBUG] cheese - null
[2021-03-11T15:05:36.757] [DEBUG] cheese - null
[2021-03-11T15:23:15.693] [DEBUG] cheese - login => username:admin,password:123456
[2021-03-11T15:23:15.694] [DEBUG] cheese - admin
[2021-03-11T15:23:15.698] [DEBUG] cheese - null
[2021-03-11T15:23:15.698] [DEBUG] cheese - null
[2021-03-11T15:28:43.356] [DEBUG] cheese - login => username:admin,password:123456
[2021-03-11T15:28:43.356] [DEBUG] cheese - admin
[2021-03-11T15:28:43.359] [DEBUG] cheese - null
[2021-03-11T15:28:43.359] [DEBUG] cheese - null
[2021-03-11T15:46:59.470] [DEBUG] cheese - login => username:admin,password:123456
[2021-03-11T15:46:59.470] [DEBUG] cheese - admin
[2021-03-11T15:46:59.475] [DEBUG] cheese - null
[2021-03-11T15:46:59.475] [DEBUG] cheese - null
[2021-03-11T15:52:52.949] [DEBUG] cheese - login => username:admin,password:123456
[2021-03-11T15:52:52.950] [DEBUG] cheese - admin
[2021-03-11T15:52:52.954] [DEBUG] cheese - null
[2021-03-11T15:52:52.954] [DEBUG] cheese - null
[2021-03-11T16:10:46.663] [DEBUG] cheese - login => username:admin,password:123456
[2021-03-11T16:10:46.663] [DEBUG] cheese - admin
[2021-03-11T16:10:46.669] [DEBUG] cheese - null
[2021-03-11T16:10:46.669] [DEBUG] cheese - null
[2021-03-11T16:38:19.453] [DEBUG] cheese - login => username:admin,password:123456
[2021-03-11T16:38:19.455] [DEBUG] cheese - admin
[2021-03-11T16:38:19.461] [DEBUG] cheese - null
[2021-03-11T16:38:19.462] [DEBUG] cheese - null
[2021-03-11T17:09:21.836] [DEBUG] cheese - login => username:admin,password:123456
[2021-03-11T17:09:21.836] [DEBUG] cheese - admin
[2021-03-11T17:09:21.838] [DEBUG] cheese - null
[2021-03-11T17:09:21.838] [DEBUG] cheese - null
[2021-03-11T23:10:37.210] [DEBUG] cheese - login => username:admin,password:123456
[2021-03-11T23:10:37.214] [DEBUG] cheese - admin
[2021-03-11T23:10:37.406] [DEBUG] cheese - null
[2021-03-11T23:10:37.408] [DEBUG] cheese - null
[2021-03-11T23:16:22.553] [DEBUG] cheese - login => username:admin,password:123456
[2021-03-11T23:16:22.553] [DEBUG] cheese - admin
[2021-03-11T23:16:22.559] [DEBUG] cheese - null
[2021-03-11T23:16:22.560] [DEBUG] cheese - null
[2021-03-12T09:10:24.273] [DEBUG] cheese - login => username:admin,password:123456
[2021-03-12T09:10:24.275] [DEBUG] cheese - admin
[2021-03-12T09:10:24.390] [DEBUG] cheese - null
[2021-03-12T09:10:24.390] [DEBUG] cheese - null
[2021-03-12T09:10:25.562] [DEBUG] cheese - login => username:admin,password:123456
[2021-03-12T09:10:25.562] [DEBUG] cheese - admin
[2021-03-12T09:10:25.566] [DEBUG] cheese - null
[2021-03-12T09:10:25.566] [DEBUG] cheese - null
[2021-03-12T09:10:26.401] [DEBUG] cheese - login => username:admin,password:123456
[2021-03-12T09:10:26.401] [DEBUG] cheese - admin
[2021-03-12T09:10:26.404] [DEBUG] cheese - null
[2021-03-12T09:10:26.404] [DEBUG] cheese - null
[2021-03-12T09:10:26.599] [DEBUG] cheese - login => username:admin,password:123456
[2021-03-12T09:10:26.599] [DEBUG] cheese - admin
[2021-03-12T09:10:26.602] [DEBUG] cheese - null
[2021-03-12T09:10:26.602] [DEBUG] cheese - null
[2021-03-12T09:10:26.766] [DEBUG] cheese - login => username:admin,password:123456
[2021-03-12T09:10:26.766] [DEBUG] cheese - admin
[2021-03-12T09:10:26.768] [DEBUG] cheese - null
[2021-03-12T09:10:26.768] [DEBUG] cheese - null
[2021-03-12T09:10:26.988] [DEBUG] cheese - login => username:admin,password:123456
[2021-03-12T09:10:26.989] [DEBUG] cheese - admin
[2021-03-12T09:10:26.991] [DEBUG] cheese - null
[2021-03-12T09:10:26.991] [DEBUG] cheese - null
[2021-03-12T09:10:37.205] [DEBUG] cheese - login => username:admin,password:123456
[2021-03-12T09:10:37.206] [DEBUG] cheese - admin
[2021-03-12T09:10:37.208] [DEBUG] cheese - null
[2021-03-12T09:10:37.208] [DEBUG] cheese - null
[2021-03-12T09:11:42.646] [DEBUG] cheese - login => username:admin,password:123456
[2021-03-12T09:11:42.647] [DEBUG] cheese - admin
[2021-03-12T09:11:42.651] [DEBUG] cheese - null
[2021-03-12T09:11:42.651] [DEBUG] cheese - null
[2021-03-12T11:38:34.481] [DEBUG] cheese - login => username:admin,password:123456
[2021-03-12T11:38:34.482] [DEBUG] cheese - admin
[2021-03-12T11:38:34.487] [DEBUG] cheese - null
[2021-03-12T11:38:34.488] [DEBUG] cheese - null
[2021-03-12T12:38:16.538] [DEBUG] cheese - login => username:admin,password:123456
[2021-03-12T12:38:16.538] [DEBUG] cheese - admin
[2021-03-12T12:38:16.542] [DEBUG] cheese - null
[2021-03-12T12:38:16.543] [DEBUG] cheese - null
